InnoDB: using atomic writes.
2020-07-17 20:47:48 0 [Note] InnoDB: Mutexes and rw_locks use Windows interlocked functions
2020-07-17 20:47:48 0 [Note] InnoDB: Uses event mutexes
2020-07-17 20:47:48 0 [Note] InnoDB: Compressed tables use zlib 1.2.11
2020-07-17 20:47:48 0 [Note] InnoDB: Number of pools: 1
2020-07-17 20:47:48 0 [Note] InnoDB: Using SSE2 crc32 instructions
2020-07-17 20:47:48 0 [Note] InnoDB: Initializing buffer pool, total size = 16M, instances = 1, chunk size = 16M
2020-07-17 20:47:48 0 [Note] InnoDB: Completed initialization of buffer pool
2020-07-17 20:47:48 0 [Note] InnoDB: Starting crash recovery from checkpoint LSN=300288
2020-07-17 20:47:48 0 [Note] InnoDB: 128 out of 128 rollback segments are active.
2020-07-17 20:47:48 0 [Note] InnoDB: Removed temporary tablespace data file: "ibtmp1"
2020-07-17 20:47:48 0 [Note] InnoDB: Creating shared tablespace for temporary tables
2020-07-17 20:47:48 0 [Note] InnoDB: Setting file 'D:\xampp\mysql\data\ibtmp1' size to 12 MB. Physically writing the file full; Please wait ...
2020-07-17 20:47:48 0 [Note] InnoDB: File 'D:\xampp\mysql\data\ibtmp1' size is now 12 MB.
2020-07-17 20:47:48 0 [Note] InnoDB: Waiting for purge to start
2020-07-17 20:47:48 0 [Note] InnoDB: 10.4.13 started; log sequence number 300297; transaction id 171
2020-07-17 20:47:48 0 [Note] InnoDB: Loading buffer pool(s) from D:\xampp\mysql\data\ib_buffer_pool
2020-07-17 20:47:48 0 [Note] Plugin 'FEEDBACK' is disabled.
2020-07-17 20:47:48 0 [Note] Server socket created on IP: '::'.
2020-07-17 20:47:48 0 [Note] InnoDB: Buffer pool(s) load completed at 200717 20:47:48
InnoDB: using atomic writes.
2020-07-31 18:37:17 0 [Note] InnoDB: Mutexes and rw_locks use Windows interlocked functions
2020-07-31 18:37:17 0 [Note] InnoDB: Uses event mutexes
2020-07-31 18:37:17 0 [Note] InnoDB: Compressed tables use zlib 1.2.11
2020-07-31 18:37:17 0 [Note] InnoDB: Number of pools: 1
2020-07-31 18:37:18 0 [Note] InnoDB: Using SSE2 crc32 instructions
2020-07-31 18:37:18 0 [Note] InnoDB: Initializing buffer pool, total size = 16M, instances = 1, chunk size = 16M
2020-07-31 18:37:18 0 [Note] InnoDB: Completed initialization of buffer pool
2020-07-31 18:37:18 0 [Note] InnoDB: Starting crash recovery from checkpoint LSN=301029
2020-07-31 18:37:18 0 [Note] InnoDB: 128 out of 128 rollback segments are active.
2020-07-31 18:37:18 0 [Note] InnoDB: Removed temporary tablespace data file: "ibtmp1"
2020-07-31 18:37:18 0 [Note] InnoDB: Creating shared tablespace for temporary tables
2020-07-31 18:37:18 0 [Note] InnoDB: Setting file 'D:\xampp\mysql\data\ibtmp1' size to 12 MB. Physically writing the file full; Please wait ...
2020-07-31 18:37:18 0 [Note] InnoDB: File 'D:\xampp\mysql\data\ibtmp1' size is now 12 MB.
2020-07-31 18:37:18 0 [Note] InnoDB: Waiting for purge to start
2020-07-31 18:37:18 0 [Note] InnoDB: 10.4.13 started; log sequence number 301038; transaction id 197
2020-07-31 18:37:18 0 [Note] InnoDB: Loading buffer pool(s) from D:\xampp\mysql\data\ib_buffer_pool
2020-07-31 18:37:18 0 [Note] Plugin 'FEEDBACK' is disabled.
2020-07-31 18:37:18 0 [Note] InnoDB: Buffer pool(s) load completed at 200731 18:37:18
2020-07-31 18:37:18 0 [Note] Server socket created on IP: '::'.
2020-08-04 19:50:11 0 [Note] mysqld.exe: Aria engine: starting recovery
tables to flush: 2 1 0
 (0.0 seconds); 
2020-08-04 19:50:11 0 [Note] mysqld.exe: Aria engine: recovery done
InnoDB: using atomic writes.
2020-08-04 19:50:11 0 [Note] InnoDB: Mutexes and rw_locks use Windows interlocked functions
2020-08-04 19:50:11 0 [Note] InnoDB: Uses event mutexes
2020-08-04 19:50:11 0 [Note] InnoDB: Compressed tables use zlib 1.2.11
2020-08-04 19:50:11 0 [Note] InnoDB: Number of pools: 1
2020-08-04 19:50:11 0 [Note] InnoDB: Using SSE2 crc32 instructions
2020-08-04 19:50:11 0 [Note] InnoDB: Initializing buffer pool, total size = 16M, instances = 1, chunk size = 16M
2020-08-04 19:50:11 0 [Note] InnoDB: Completed initialization of buffer pool
2020-08-04 19:50:11 0 [Note] InnoDB: Starting crash recovery from checkpoint LSN=13418549
2020-08-04 19:50:11 0 [Note] InnoDB: 128 out of 128 rollback segments are active.
2020-08-04 19:50:11 0 [Note] InnoDB: Removed temporary tablespace data file: "ibtmp1"
2020-08-04 19:50:11 0 [Note] InnoDB: Creating shared tablespace for temporary tables
2020-08-04 19:50:11 0 [Note] InnoDB: Setting file 'D:\xampp\mysql\data\ibtmp1' size to 12 MB. Physically writing the file full; Please wait ...
2020-08-04 19:50:11 0 [Note] InnoDB: File 'D:\xampp\mysql\data\ibtmp1' size is now 12 MB.
2020-08-04 19:50:11 0 [Note] InnoDB: Waiting for purge to start
2020-08-04 19:50:11 0 [Note] InnoDB: 10.4.13 started; log sequence number 13418558; transaction id 9692
2020-08-04 19:50:11 0 [Note] Plugin 'FEEDBACK' is disabled.
2020-08-04 19:50:11 0 [Note] InnoDB: Loading buffer pool(s) from D:\xampp\mysql\data\ib_buffer_pool
2020-08-04 19:50:12 0 [Note] Server socket created on IP: '::'.
2020-08-04 19:50:12 0 [Note] InnoDB: Buffer pool(s) load completed at 200804 19:50:12
InnoDB: using atomic writes.
2020-08-04 19:50:25 0 [Note] InnoDB: Mutexes and rw_locks use Windows interlocked functions
2020-08-04 19:50:25 0 [Note] InnoDB: Uses event mutexes
2020-08-04 19:50:25 0 [Note] InnoDB: Compressed tables use zlib 1.2.11
2020-08-04 19:50:25 0 [Note] InnoDB: Number of pools: 1
2020-08-04 19:50:25 0 [Note] InnoDB: Using SSE2 crc32 instructions
2020-08-04 19:50:25 0 [Note] InnoDB: Initializing buffer pool, total size = 16M, instances = 1, chunk size = 16M
2020-08-04 19:50:25 0 [Note] InnoDB: Completed initialization of buffer pool
2020-08-04 19:50:25 0 [Note] InnoDB: Starting crash recovery from checkpoint LSN=13418549
2020-08-04 19:50:25 0 [ERROR] InnoDB: Operating system error number 3 in a file operation.
2020-08-04 19:50:25 0 [ERROR] InnoDB: The error means the system cannot find the path specified.
2020-08-04 19:50:25 0 [ERROR] InnoDB: If you are installing InnoDB, remember that you must create directories yourself, InnoDB does not create them.
2020-08-04 19:50:25 0 [ERROR] InnoDB: Cannot open datafile for read-only: '.\dataquanly\wp_qlcommentmeta.ibd' OS error: 203
2020-08-04 19:50:25 0 [ERROR] InnoDB: Operating system error number 203 in a file operation.
2020-08-04 19:50:25 0 [Note] InnoDB: Some operating system error numbers are described at https://mariadb.com/kb/en/library/operating-system-error-codes/
2020-08-04 19:50:25 0 [ERROR] InnoDB: Could not find a valid tablespace file for ``dataquanly`.`wp_qlcommentmeta``. Please refer to https://mariadb.com/kb/en/innodb-data-dictionary-troubleshooting/ for how to resolve the issue.
2020-08-04 19:50:25 0 [Warning] InnoDB: Ignoring tablespace for `dataquanly`.`wp_qlcommentmeta` because it could not be opened.
2020-08-04 19:50:25 0 [ERROR] InnoDB: Operating system error number 3 in a file operation.
2020-08-04 19:50:25 0 [ERROR] InnoDB: The error means the system cannot find the path specified.
2020-08-04 19:50:25 0 [ERROR] InnoDB: If you are installing InnoDB, remember that you must create directories yourself, InnoDB does not create them.
2020-08-04 19:50:25 0 [ERROR] InnoDB: Cannot open datafile for read-only: '.\dataquanly\wp_qlcomments.ibd' OS error: 203
2020-08-04 19:50:25 0 [ERROR] InnoDB: Operating system error number 203 in a file operation.
2020-08-04 19:50:25 0 [Note] InnoDB: Some operating system error numbers are described at https://mariadb.com/kb/en/library/operating-system-error-codes/
2020-08-04 19:50:25 0 [ERROR] InnoDB: Could not find a valid tablespace file for ``dataquanly`.`wp_qlcomments``. Please refer to https://mariadb.com/kb/en/innodb-data-dictionary-troubleshooting/ for how to resolve the issue.
2020-08-04 19:50:25 0 [Warning] InnoDB: Ignoring tablespace for `dataquanly`.`wp_qlcomments` because it could not be opened.
2020-08-04 19:50:25 0 [ERROR] InnoDB: Operating system error number 3 in a file operation.
2020-08-04 19:50:25 0 [ERROR] InnoDB: The error means the system cannot find the path specified.
2020-08-04 19:50:25 0 [ERROR] InnoDB: If you are installing InnoDB, remember that you must create directories yourself, InnoDB does not create them.
2020-08-04 19:50:25 0 [ERROR] InnoDB: Cannot open datafile for read-only: '.\dataquanly\wp_qllinks.ibd' OS error: 203
2020-08-04 19:50:25 0 [ERROR] InnoDB: Operating system error number 203 in a file operation.
2020-08-04 19:50:25 0 [Note] InnoDB: Some operating system error numbers are described at https://mariadb.com/kb/en/library/operating-system-error-codes/
2020-08-04 19:50:25 0 [ERROR] InnoDB: Could not find a valid tablespace file for ``dataquanly`.`wp_qllinks``. Please refer to https://mariadb.com/kb/en/innodb-data-dictionary-troubleshooting/ for how to resolve the issue.
2020-08-04 19:50:25 0 [Warning] InnoDB: Ignoring tablespace for `dataquanly`.`wp_qllinks` because it could not be opened.
2020-08-04 19:50:25 0 [ERROR] InnoDB: Operating system error number 3 in a file operation.
2020-08-04 19:50:25 0 [ERROR] InnoDB: The error means the system cannot find the path specified.
2020-08-04 19:50:25 0 [ERROR] InnoDB: If you are installing InnoDB, remember that you must create directories yourself, InnoDB does not create them.
2020-08-04 19:50:25 0 [ERROR] InnoDB: Cannot open datafile for read-only: '.\dataquanly\wp_qloptions.ibd' OS error: 203
2020-08-04 19:50:25 0 [ERROR] InnoDB: Operating system error number 203 in a file operation.
2020-08-04 19:50:25 0 [Note] InnoDB: Some operating system error numbers are described at https://mariadb.com/kb/en/library/operating-system-error-codes/
2020-08-04 19:50:25 0 [ERROR] InnoDB: Could not find a valid tablespace file for ``dataquanly`.`wp_qloptions``. Please refer to https://mariadb.com/kb/en/innodb-data-dictionary-troubleshooting/ for how to resolve the issue.
2020-08-04 19:50:25 0 [Warning] InnoDB: Ignoring tablespace for `dataquanly`.`wp_qloptions` because it could not be opened.
2020-08-04 19:50:25 0 [ERROR] InnoDB: Operating system error number 3 in a file operation.
2020-08-04 19:50:25 0 [ERROR] InnoDB: The error means the system cannot find the path specified.
2020-08-04 19:50:25 0 [ERROR] InnoDB: If you are installing InnoDB, remember that you must create directories yourself, InnoDB does not create them.
2020-08-04 19:50:25 0 [ERROR] InnoDB: Cannot open datafile for read-only: '.\dataquanly\wp_qlpostmeta.ibd' OS error: 203
2020-08-04 19:50:25 0 [ERROR] InnoDB: Operating system error number 203 in a file operation.
2020-08-04 19:50:25 0 [Note] InnoDB: Some operating system error numbers are described at https://mariadb.com/kb/en/library/operating-system-error-codes/
2020-08-04 19:50:25 0 [ERROR] InnoDB: Could not find a valid tablespace file for ``dataquanly`.`wp_qlpostmeta``. Please refer to https://mariadb.com/kb/en/innodb-data-dictionary-troubleshooting/ for how to resolve the issue.
2020-08-04 19:50:25 0 [Warning] InnoDB: Ignoring tablespace for `dataquanly`.`wp_qlpostmeta` because it could not be opened.
2020-08-04 19:50:25 0 [ERROR] InnoDB: Operating system error number 3 in a file operation.
2020-08-04 19:50:25 0 [ERROR] InnoDB: The error means the system cannot find the path specified.
2020-08-04 19:50:25 0 [ERROR] InnoDB: If you are installing InnoDB, remember that you must create directories yourself, InnoDB does not create them.
2020-08-04 19:50:25 0 [ERROR] InnoDB: Cannot open datafile for read-only: '.\dataquanly\wp_qlposts.ibd' OS error: 203
2020-08-04 19:50:25 0 [ERROR] InnoDB: Operating system error number 203 in a file operation.
2020-08-04 19:50:25 0 [Note] InnoDB: Some operating system error numbers are described at https://mariadb.com/kb/en/library/operating-system-error-codes/
2020-08-04 19:50:25 0 [ERROR] InnoDB: Could not find a valid tablespace file for ``dataquanly`.`wp_qlposts``. Please refer to https://mariadb.com/kb/en/innodb-data-dictionary-troubleshooting/ for how to resolve the issue.
2020-08-04 19:50:25 0 [Warning] InnoDB: Ignoring tablespace for `dataquanly`.`wp_qlposts` because it could not be opened.
2020-08-04 19:50:25 0 [ERROR] InnoDB: Operating system error number 3 in a file operation.
2020-08-04 19:50:25 0 [ERROR] InnoDB: The error means the system cannot find the path specified.
2020-08-04 19:50:25 0 [ERROR] InnoDB: If you are installing InnoDB, remember that you must create directories yourself, InnoDB does not create them.
2020-08-04 19:50:25 0 [ERROR] InnoDB: Cannot open datafile for read-only: '.\dataquanly\wp_qlterm_relationships.ibd' OS error: 203
2020-08-04 19:50:25 0 [ERROR] InnoDB: Operating system error number 203 in a file operation.
2020-08-04 19:50:25 0 [Note] InnoDB: Some operating system error numbers are described at https://mariadb.com/kb/en/library/operating-system-error-codes/
2020-08-04 19:50:25 0 [ERROR] InnoDB: Could not find a valid tablespace file for ``dataquanly`.`wp_qlterm_relationships``. Please refer to https://mariadb.com/kb/en/innodb-data-dictionary-troubleshooting/ for how to resolve the issue.
2020-08-04 19:50:25 0 [Warning] InnoDB: Ignoring tablespace for `dataquanly`.`wp_qlterm_relationships` because it could not be opened.
2020-08-04 19:50:25 0 [ERROR] InnoDB: Operating system error number 3 in a file operation.
2020-08-04 19:50:25 0 [ERROR] InnoDB: The error means the system cannot find the path specified.
2020-08-04 19:50:25 0 [ERROR] InnoDB: If you are installing InnoDB, remember that you must create directories yourself, InnoDB does not create them.
2020-08-04 19:50:25 0 [ERROR] InnoDB: Cannot open datafile for read-only: '.\dataquanly\wp_qlterm_taxonomy.ibd' OS error: 203
2020-08-04 19:50:25 0 [ERROR] InnoDB: Operating system error number 203 in a file operation.
2020-08-04 19:50:25 0 [Note] InnoDB: Some operating system error numbers are described at https://mariadb.com/kb/en/library/operating-system-error-codes/
2020-08-04 19:50:25 0 [ERROR] InnoDB: Could not find a valid tablespace file for ``dataquanly`.`wp_qlterm_taxonomy``. Please refer to https://mariadb.com/kb/en/innodb-data-dictionary-troubleshooting/ for how to resolve the issue.
2020-08-04 19:50:25 0 [Warning] InnoDB: Ignoring tablespace for `dataquanly`.`wp_qlterm_taxonomy` because it could not be opened.
2020-08-04 19:50:25 0 [ERROR] InnoDB: Operating system error number 3 in a file operation.
2020-08-04 19:50:25 0 [ERROR] InnoDB: The error means the system cannot find the path specified.
2020-08-04 19:50:25 0 [ERROR] InnoDB: If you are installing InnoDB, remember that you must create directories yourself, InnoDB does not create them.
2020-08-04 19:50:25 0 [ERROR] InnoDB: Cannot open datafile for read-only: '.\dataquanly\wp_qltermmeta.ibd' OS error: 203
2020-08-04 19:50:25 0 [ERROR] InnoDB: Operating system error number 203 in a file operation.
2020-08-04 19:50:25 0 [Note] InnoDB: Some operating system error numbers are described at https://mariadb.com/kb/en/library/operating-system-error-codes/
2020-08-04 19:50:25 0 [ERROR] InnoDB: Could not find a valid tablespace file for ``dataquanly`.`wp_qltermmeta``. Please refer to https://mariadb.com/kb/en/innodb-data-dictionary-troubleshooting/ for how to resolve the issue.
2020-08-04 19:50:25 0 [Warning] InnoDB: Ignoring tablespace for `dataquanly`.`wp_qltermmeta` because it could not be opened.
2020-08-04 19:50:25 0 [ERROR] InnoDB: Operating system error number 3 in a file operation.
2020-08-04 19:50:25 0 [ERROR] InnoDB: The error means the system cannot find the path specified.
2020-08-04 19:50:25 0 [ERROR] InnoDB: If you are installing InnoDB, remember that you must create directories yourself, InnoDB does not create them.
2020-08-04 19:50:25 0 [ERROR] InnoDB: Cannot open datafile for read-only: '.\dataquanly\wp_qlterms.ibd' OS error: 203
2020-08-04 19:50:25 0 [ERROR] InnoDB: Operating system error number 203 in a file operation.
2020-08-04 19:50:25 0 [Note] InnoDB: Some operating system error numbers are described at https://mariadb.com/kb/en/library/operating-system-error-codes/
2020-08-04 19:50:25 0 [ERROR] InnoDB: Could not find a valid tablespace file for ``dataquanly`.`wp_qlterms``. Please refer to https://mariadb.com/kb/en/innodb-data-dictionary-troubleshooting/ for how to resolve the issue.
2020-08-04 19:50:25 0 [Warning] InnoDB: Ignoring tablespace for `dataquanly`.`wp_qlterms` because it could not be opened.
2020-08-04 19:50:25 0 [ERROR] InnoDB: Operating system error number 3 in a file operation.
2020-08-04 19:50:25 0 [ERROR] InnoDB: The error means the system cannot find the path specified.
2020-08-04 19:50:25 0 [ERROR] InnoDB: If you are installing InnoDB, remember that you must create directories yourself, InnoDB does not create them.
2020-08-04 19:50:25 0 [ERROR] InnoDB: Cannot open datafile for read-only: '.\dataquanly\wp_qlusermeta.ibd' OS error: 203
2020-08-04 19:50:25 0 [ERROR] InnoDB: Operating system error number 203 in a file operation.
2020-08-04 19:50:25 0 [Note] InnoDB: Some operating system error numbers are described at https://mariadb.com/kb/en/library/operating-system-error-codes/
2020-08-04 19:50:25 0 [ERROR] InnoDB: Could not find a valid tablespace file for ``dataquanly`.`wp_qlusermeta``. Please refer to https://mariadb.com/kb/en/innodb-data-dictionary-troubleshooting/ for how to resolve the issue.
2020-08-04 19:50:25 0 [Warning] InnoDB: Ignoring tablespace for `dataquanly`.`wp_qlusermeta` because it could not be opened.
2020-08-04 19:50:25 0 [ERROR] InnoDB: Operating system error number 3 in a file operation.
2020-08-04 19:50:25 0 [ERROR] InnoDB: The error means the system cannot find the path specified.
2020-08-04 19:50:25 0 [ERROR] InnoDB: If you are installing InnoDB, remember that you must create directories yourself, InnoDB does not create them.
2020-08-04 19:50:25 0 [ERROR] InnoDB: Cannot open datafile for read-only: '.\dataquanly\wp_qlusers.ibd' OS error: 203
2020-08-04 19:50:25 0 [ERROR] InnoDB: Operating system error number 203 in a file operation.
2020-08-04 19:50:25 0 [Note] InnoDB: Some operating system error numbers are described at https://mariadb.com/kb/en/library/operating-system-error-codes/
2020-08-04 19:50:25 0 [ERROR] InnoDB: Could not find a valid tablespace file for ``dataquanly`.`wp_qlusers``. Please refer to https://mariadb.com/kb/en/innodb-data-dictionary-troubleshooting/ for how to resolve the issue.
2020-08-04 19:50:25 0 [Warning] InnoDB: Ignoring tablespace for `dataquanly`.`wp_qlusers` because it could not be opened.
2020-08-04 19:50:25 0 [Note] InnoDB: 128 out of 128 rollback segments are active.
2020-08-04 19:50:25 0 [Note] InnoDB: Removed temporary tablespace data file: "ibtmp1"
2020-08-04 19:50:25 0 [Note] InnoDB: Creating shared tablespace for temporary tables
2020-08-04 19:50:25 0 [Note] InnoDB: Setting file 'D:\xampp\mysql\data\ibtmp1' size to 12 MB. Physically writing the file full; Please wait ...
2020-08-04 19:50:25 0 [Note] InnoDB: File 'D:\xampp\mysql\data\ibtmp1' size is now 12 MB.
2020-08-04 19:50:25 0 [Note] InnoDB: Waiting for purge to start
2020-08-04 19:50:25 0 [Note] InnoDB: 10.4.13 started; log sequence number 13418558; transaction id 9692
2020-08-04 19:50:25 0 [Note] InnoDB: Loading buffer pool(s) from D:\xampp\mysql\data\ib_buffer_pool
2020-08-04 19:50:25 0 [Note] Plugin 'FEEDBACK' is disabled.
2020-08-04 19:50:25 0 [Note] Server socket created on IP: '::'.
2020-08-04 19:50:25 0 [Note] InnoDB: Buffer pool(s) load completed at 200804 19:50:25
